TN:
SF:C:/Users/TROGGEURBAN/Desktop/Bootcamp 31/Book-A-Meal/server/Server.js
FN:20,(anonymous_1)
FN:25,(anonymous_2)
FNF:2
FNH:2
FNDA:1,(anonymous_1)
FNDA:1,(anonymous_2)
DA:1,1
DA:2,1
DA:3,1
DA:4,1
DA:7,1
DA:11,1
DA:14,1
DA:15,1
DA:16,1
DA:17,1
DA:18,1
DA:20,1
DA:21,1
DA:25,1
DA:26,1
DA:32,1
DA:34,1
DA:36,1
LF:18
LH:18
BRDA:32,0,0,1
BRDA:32,0,1,1
BRF:2
BRH:2
end_of_record
TN:
SF:C:/Users/TROGGEURBAN/Desktop/Bootcamp 31/Book-A-Meal/server/src/controllers/Meals/addMeal.js
FNF:0
FNH:0
DA:1,1
DA:3,1
DA:7,1
DA:14,1
LF:4
LH:4
BRF:0
BRH:0
end_of_record
TN:
SF:C:/Users/TROGGEURBAN/Desktop/Bootcamp 31/Book-A-Meal/server/src/controllers/Meals/getMeals.js
FNF:0
FNH:0
DA:1,1
DA:3,1
DA:7,1
LF:3
LH:3
BRF:0
BRH:0
end_of_record
TN:
SF:C:/Users/TROGGEURBAN/Desktop/Bootcamp 31/Book-A-Meal/server/src/controllers/Meals/index.js
FNF:0
FNH:0
DA:1,1
DA:2,1
DA:3,1
DA:4,1
LF:4
LH:4
BRF:0
BRH:0
end_of_record
TN:
SF:C:/Users/TROGGEURBAN/Desktop/Bootcamp 31/Book-A-Meal/server/src/controllers/Meals/removeMeal.js
FN:9,(anonymous_8)
FNF:1
FNH:1
FNDA:8,(anonymous_8)
DA:1,1
DA:3,1
DA:7,2
DA:8,2
DA:9,2
DA:10,8
DA:11,1
DA:12,1
DA:13,1
DA:14,1
DA:22,2
DA:23,1
LF:12
LH:12
BRDA:10,0,0,1
BRDA:10,0,1,7
BRDA:22,1,0,1
BRDA:22,1,1,1
BRF:4
BRH:4
end_of_record
TN:
SF:C:/Users/TROGGEURBAN/Desktop/Bootcamp 31/Book-A-Meal/server/src/controllers/Meals/updateMeal.js
FN:9,(anonymous_8)
FNF:1
FNH:1
FNDA:10,(anonymous_8)
DA:1,1
DA:3,1
DA:7,2
DA:8,2
DA:9,2
DA:10,10
DA:11,1
DA:12,1
DA:13,1
DA:14,1
DA:15,1
DA:16,1
DA:25,2
DA:26,1
LF:14
LH:14
BRDA:10,0,0,1
BRDA:10,0,1,9
BRDA:25,1,0,1
BRDA:25,1,1,1
BRF:4
BRH:4
end_of_record
TN:
SF:C:/Users/TROGGEURBAN/Desktop/Bootcamp 31/Book-A-Meal/server/src/controllers/Menu/getMenu.js
FNF:0
FNH:0
DA:1,1
DA:3,1
DA:7,1
LF:3
LH:3
BRF:0
BRH:0
end_of_record
TN:
SF:C:/Users/TROGGEURBAN/Desktop/Bootcamp 31/Book-A-Meal/server/src/controllers/Menu/index.js
FNF:0
FNH:0
DA:1,1
DA:2,1
LF:2
LH:2
BRF:0
BRH:0
end_of_record
TN:
SF:C:/Users/TROGGEURBAN/Desktop/Bootcamp 31/Book-A-Meal/server/src/controllers/Menu/postMenu.js
FNF:0
FNH:0
DA:1,1
DA:3,1
DA:7,1
DA:14,1
LF:4
LH:4
BRF:0
BRH:0
end_of_record
TN:
SF:C:/Users/TROGGEURBAN/Desktop/Bootcamp 31/Book-A-Meal/server/src/controllers/Order/getOrder.js
FNF:0
FNH:0
DA:1,1
DA:3,1
DA:7,1
LF:3
LH:3
BRF:0
BRH:0
end_of_record
TN:
SF:C:/Users/TROGGEURBAN/Desktop/Bootcamp 31/Book-A-Meal/server/src/controllers/Order/index.js
FNF:0
FNH:0
DA:1,1
DA:2,1
DA:3,1
LF:3
LH:3
BRF:0
BRH:0
end_of_record
TN:
SF:C:/Users/TROGGEURBAN/Desktop/Bootcamp 31/Book-A-Meal/server/src/controllers/Order/modifyOrder.js
FN:9,(anonymous_8)
FNF:1
FNH:1
FNDA:8,(anonymous_8)
DA:1,1
DA:3,1
DA:7,2
DA:8,2
DA:9,2
DA:10,8
DA:11,1
DA:12,1
DA:13,1
DA:14,1
DA:15,1
DA:16,1
DA:17,1
DA:18,1
DA:27,2
DA:28,1
LF:16
LH:16
BRDA:10,0,0,1
BRDA:10,0,1,7
BRDA:27,1,0,1
BRDA:27,1,1,1
BRF:4
BRH:4
end_of_record
TN:
SF:C:/Users/TROGGEURBAN/Desktop/Bootcamp 31/Book-A-Meal/server/src/controllers/Order/postOrders.js
FNF:0
FNH:0
DA:1,1
DA:3,1
DA:7,1
DA:16,1
LF:4
LH:4
BRF:0
BRH:0
end_of_record
TN:
SF:C:/Users/TROGGEURBAN/Desktop/Bootcamp 31/Book-A-Meal/server/src/routes/index.js
FNF:0
FNH:0
DA:1,1
DA:2,1
DA:3,1
LF:3
LH:3
BRF:0
BRH:0
end_of_record
TN:
SF:C:/Users/TROGGEURBAN/Desktop/Bootcamp 31/Book-A-Meal/server/src/routes/mealApi.js
FNF:0
FNH:0
DA:1,1
DA:2,1
DA:4,1
DA:6,1
DA:7,1
DA:8,1
DA:9,1
LF:7
LH:7
BRF:0
BRH:0
end_of_record
TN:
SF:C:/Users/TROGGEURBAN/Desktop/Bootcamp 31/Book-A-Meal/server/src/routes/menuApi.js
FNF:0
FNH:0
DA:1,1
DA:2,1
DA:4,1
DA:6,1
DA:7,1
LF:5
LH:5
BRF:0
BRH:0
end_of_record
TN:
SF:C:/Users/TROGGEURBAN/Desktop/Bootcamp 31/Book-A-Meal/server/src/routes/orderApi.js
FNF:0
FNH:0
DA:1,1
DA:2,1
DA:4,1
DA:6,1
DA:7,1
DA:8,1
LF:6
LH:6
BRF:0
BRH:0
end_of_record
TN:
SF:C:/Users/TROGGEURBAN/Desktop/Bootcamp 31/Book-A-Meal/server/test/test.js
FN:13,(anonymous_1)
FN:15,(anonymous_2)
FN:16,(anonymous_3)
FN:20,(anonymous_4)
FN:27,(anonymous_5)
FN:28,(anonymous_6)
FN:31,(anonymous_7)
FN:40,(anonymous_8)
FN:41,(anonymous_9)
FN:52,(anonymous_10)
FN:60,(anonymous_11)
FN:61,(anonymous_12)
FN:71,(anonymous_13)
FN:80,(anonymous_14)
FN:81,(anonymous_15)
FN:91,(anonymous_16)
FN:102,(anonymous_17)
FN:103,(anonymous_18)
FN:106,(anonymous_19)
FN:116,(anonymous_20)
FN:117,(anonymous_21)
FN:120,(anonymous_22)
FN:132,(anonymous_23)
FN:133,(anonymous_24)
FN:143,(anonymous_25)
FN:152,(anonymous_26)
FN:153,(anonymous_27)
FN:156,(anonymous_28)
FN:165,(anonymous_29)
FN:166,(anonymous_30)
FN:176,(anonymous_31)
FN:185,(anonymous_32)
FN:186,(anonymous_33)
FN:196,(anonymous_34)
FN:204,(anonymous_35)
FN:205,(anonymous_36)
FN:208,(anonymous_37)
FN:217,(anonymous_38)
FN:218,(anonymous_39)
FN:230,(anonymous_40)
FN:240,(anonymous_41)
FN:241,(anonymous_42)
FN:245,(anonymous_43)
FNF:43
FNH:43
FNDA:1,(anonymous_1)
FNDA:1,(anonymous_2)
FNDA:1,(anonymous_3)
FNDA:1,(anonymous_4)
FNDA:1,(anonymous_5)
FNDA:1,(anonymous_6)
FNDA:1,(anonymous_7)
FNDA:1,(anonymous_8)
FNDA:1,(anonymous_9)
FNDA:1,(anonymous_10)
FNDA:1,(anonymous_11)
FNDA:1,(anonymous_12)
FNDA:1,(anonymous_13)
FNDA:1,(anonymous_14)
FNDA:1,(anonymous_15)
FNDA:1,(anonymous_16)
FNDA:1,(anonymous_17)
FNDA:1,(anonymous_18)
FNDA:1,(anonymous_19)
FNDA:1,(anonymous_20)
FNDA:1,(anonymous_21)
FNDA:1,(anonymous_22)
FNDA:1,(anonymous_23)
FNDA:1,(anonymous_24)
FNDA:1,(anonymous_25)
FNDA:1,(anonymous_26)
FNDA:1,(anonymous_27)
FNDA:1,(anonymous_28)
FNDA:1,(anonymous_29)
FNDA:1,(anonymous_30)
FNDA:1,(anonymous_31)
FNDA:1,(anonymous_32)
FNDA:1,(anonymous_33)
FNDA:1,(anonymous_34)
FNDA:1,(anonymous_35)
FNDA:1,(anonymous_36)
FNDA:1,(anonymous_37)
FNDA:1,(anonymous_38)
FNDA:1,(anonymous_39)
FNDA:1,(anonymous_40)
FNDA:1,(anonymous_41)
FNDA:1,(anonymous_42)
FNDA:1,(anonymous_43)
DA:1,1
DA:2,1
DA:3,1
DA:5,1
DA:7,1
DA:9,1
DA:13,1
DA:15,1
DA:16,1
DA:17,1
DA:21,1
DA:22,1
DA:23,1
DA:27,1
DA:28,1
DA:29,1
DA:32,1
DA:33,1
DA:34,1
DA:35,1
DA:40,1
DA:41,1
DA:42,1
DA:53,1
DA:54,1
DA:55,1
DA:60,1
DA:61,1
DA:62,1
DA:72,1
DA:73,1
DA:74,1
DA:75,1
DA:80,1
DA:81,1
DA:82,1
DA:92,1
DA:93,1
DA:94,1
DA:95,1
DA:102,1
DA:103,1
DA:104,1
DA:107,1
DA:108,1
DA:109,1
DA:110,1
DA:116,1
DA:117,1
DA:118,1
DA:121,1
DA:122,1
DA:123,1
DA:132,1
DA:133,1
DA:134,1
DA:144,1
DA:145,1
DA:146,1
DA:147,1
DA:152,1
DA:153,1
DA:154,1
DA:157,1
DA:158,1
DA:159,1
DA:160,1
DA:165,1
DA:166,1
DA:167,1
DA:177,1
DA:178,1
DA:179,1
DA:180,1
DA:185,1
DA:186,1
DA:187,1
DA:197,1
DA:198,1
DA:199,1
DA:204,1
DA:205,1
DA:206,1
DA:209,1
DA:210,1
DA:211,1
DA:212,1
DA:217,1
DA:218,1
DA:219,1
DA:231,1
DA:232,1
DA:233,1
DA:234,1
DA:240,1
DA:241,1
DA:242,1
DA:246,1
DA:247,1
DA:248,1
LF:100
LH:100
BRF:0
BRH:0
end_of_record
